make.exe all --print-data-base --no-builtin-variables --no-builtin-rules --question
# GNU Make 3.81
# Copyright (C) 2006  Free Software Foundation, Inc.
# This is free software; see the source for copying conditions.
# There is NO warranty; not even for MERCHANTABILITY or FITNESS FOR A
# PARTICULAR PURPOSE.

# This program built for i386-pc-mingw32
 

# Make data base, printed on Sun Nov 14 00:56:53 2021

# Variables

# automatic
<D = $(patsubst %/,%,$(dir $<))
# automatic
?F = $(notdir $?)
# makefile
MAKEFLAGS = Rrqp
# environment
VSCODE_LOG_NATIVE = false
# automatic
?D = $(patsubst %/,%,$(dir $?))
# automatic
@D = $(patsubst %/,%,$(dir $@))
# environment
HOMEDRIVE = C:
# automatic
@F = $(notdir $@)
# automatic
^D = $(patsubst %/,%,$(dir $^))
# makefile
CURDIR := d:/ITB/SEMESTER 3/IF2110 Algoritma & Struktur Data/Tugas Besar/prog/real/Alstrukdat_Kel08_K03
# default
SHELL := sh.exe
# environment
WINDIR = C:\Windows
# environment
VSCODE_NLS_CONFIG = {"locale":"en-us","availableLanguages":{},"_languagePackSupport":true}
# environment
VBOX_MSI_INSTALL_PATH = C:\Program Files\Oracle\VirtualBox\
# environment
ONEDRIVE = C:\Users\Asus\OneDrive - Institut Teknologi Bandung
# environment
PATHEXT = .COM;.EXE;.BAT;.CMD;.VBS;.VBE;.JS;.JSE;.WSF;.WSH;.MSC
# makefile (from `makefile', line 1)
MAKEFILE_LIST :=  makefile
# environment
FPS_BROWSER_USER_PROFILE_STRING = Default
# environment
TMP = C:\Users\Asus\AppData\Local\Temp
# environment
VSCODE_VERBOSE_LOGGING = true
# environment
PROGRAMW6432 = C:\Program Files
# environment
PROGRAMDATA = C:\ProgramData
# environment
VSCODE_IPC_HOOK_EXTHOST = \\.\pipe\vscode-ipc-b39c87e8-d6be-47fc-a236-bc394c3a86c1-sock
# environment
VSCODE_CWD = D:\Microsoft VS Code
# environment
PATH = C:\Program Files\Common Files\Oracle\Java\javapath;C:\Windows\system32;C:\Windows;C:\Windows\System32\Wbem;C:\Windows\System32\WindowsPowerShell\v1.0\;C:\Windows\System32\OpenSSH\;C:\Program Files (x86)\NVIDIA Corporation\PhysX\Common;C:\Program Files\NVIDIA Corporation\NVIDIA NvDLISR;C:\Users\Asus\AppData\Roaming\Python\Python38\Scripts;C:\ProgramData\chocolatey\bin;C:\Program Files\mingw-w64\x86_64-8.1.0-posix-seh-rt_v6-rev0\mingw64\bin;C:\Program Files\Git\cmd;C:\Users\Asus\AppData\Local\Programs\Python\Python39;C:\Users\Asus\AppData\Local\Programs\Python\Python39\Scripts;C:\Program Files\Java\jdk-17\bin;C:\MinGW\bin;C:\Program Files (x86)\GnuWin32\bin;C:\Users\Asus\AppData\Local\Programs\Python\Python39;D:\Microsoft VS Code\bin
# environment
COMMONPROGRAMW6432 = C:\Program Files\Common Files
# environment
CHOCOLATEYLASTPATHUPDATE = 132569832103112798
# environment
PROCESSOR_ARCHITECTURE = x86
# environment
USERPROFILE = C:\Users\Asus
# environment
CHOCOLATEYINSTALL = C:\ProgramData\chocolatey
# environment
ALLUSERSPROFILE = C:\ProgramData
# environment
VSCODE_LOG_STACK = false
# environment
NUMBER_OF_PROCESSORS = 12
# environment
ELECTRON_RUN_AS_NODE = 1
# default
.FEATURES := target-specific order-only second-expansion else-if archives
# automatic
%F = $(notdir $%)
# environment
CHROME_CRASHPAD_PIPE_NAME = \\.\pipe\crashpad_9304_GPHQJVJGLYLJBCAV
# environment
VSCODE_PIPE_LOGGING = true
# environment
COMPUTERNAME = LAPTOP-42QP1QB4
# environment
PROGRAMFILES = C:\Program Files (x86)
# environment
DRIVERDATA = C:\Windows\System32\Drivers\DriverData
# environment
ORIGINAL_XDG_CURRENT_DESKTOP = undefined
# environment
USERNAME = Asus
# environment
PUBLIC = C:\Users\Public
# environment
VSCODE_AMD_ENTRYPOINT = vs/workbench/services/extensions/node/extensionHostProcess
# environment
CHOCOLATEYTOOLSLOCATION = C:\tools
# environment
VSCODE_CODE_CACHE_PATH = C:\Users\Asus\AppData\Roaming\Code\CachedData\3a6960b964327f0e3882ce18fcebd07ed191b316
# environment
APPLICATION_INSIGHTS_NO_DIAGNOSTIC_CHANNEL = true
# environment
COMMONPROGRAMFILES = C:\Program Files (x86)\Common Files
# environment
LOGONSERVER = \\LAPTOP-42QP1QB4
# environment
ONEDRIVECONSUMER = C:\Users\ 
Asus\OneDrive
# environment
VSCODE_HANDLES_UNCAUGHT_ERRORS = true
# environment
USERDOMAIN = LAPTOP-42QP1QB4
# default
MAKE = $(MAKE_COMMAND)
# default
MAKECMDGOALS := all
# environment
ONEDRIVECOMMERCIAL = C:\Users\Asus\OneDrive - Institut Teknologi Bandung
# default
MAKE_VERSION := 3.81
# makefile
.DEFAULT_GOAL := build
# environment
PROGRAMFILES(X86) = C:\Program Files (x86)
# automatic
%D = $(patsubst %/,%,$(dir $%))
# environment
LOCALAPPDATA = C:\Users\Asus\AppData\Local
# environment
PSMODULEPATH = C:\Program Files\WindowsPowerShell\Modules;C:\Windows\system32\WindowsPowerShell\v1.0\Modules
# default
MAKE_COMMAND := make.exe
# environment
PROCESSOR_ARCHITEW6432 = AMD64
# default
.VARIABLES := 
# automatic
*F = $(notdir $*)
# environment
PROCESSOR_IDENTIFIER = AMD64 Family 23 Model 96 Stepping 1, AuthenticAMD
# environment
OS = Windows_NT
# environment
VSCODE_IPC_HOOK = \\.\pipe\0fa17afad6f8282a945944de898e061c-1.62.2-main-sock
# environment
HOMEPATH = \Users\Asus
# environment
COMMONPROGRAMFILES(X86) = C:\Program Files (x86)\Common Files
# environment
PROMPT = $P$G
# environment
MFLAGS = -Rrqp
# automatic
*D = $(patsubst %/,%,$(dir $*))
# environment
SYSTEMROOT = C:\Windows
# environment
_MSYS2_PREFIX = x86_64
# automatic
+D = $(patsubst %/,%,$(dir $+))
# automatic
+F = $(notdir $+)
# environment
APPDATA = C:\Users\Asus\AppData\Roaming
# environment
TEMP = C:\Users\Asus\AppData\Local\Temp
# environment
COMSPEC = C:\Windows\system32\cmd.exe
# default
MAKEFILES := 
# automatic
<F = $(notdir $<)
# environment
LC_ALL = C
# automatic
^F = $(notdir $^)
# default
SUFFIXES := 
# environment
SYSTEMDRIVE = C:
# environment
SESSIONNAME = Console
# environment
PROCESSOR_REVISION = 6001
# environment
MAKELEVEL := 0
# environment
_MSYS2_BASH = C:\tools\msys64\usr\bin\bash.exe
# environment
LANG = C
# environment
PROCESSOR_LEVEL = 23
# environment
FPS_BROWSER_APP_PROFILE_STRING = Internet Explorer
# environment
VSCODE_PID = 9304
# environment
USERDOMAIN_ROAMINGPROFILE = LAPTOP-42QP1QB4
# variable set hash-table stats:
# Load=96/1024=9%, Rehash=0, Collisions=9/116=8%

# Pattern-specific Variable Values

# No pattern-specific variable values.

# Directories

# C:\Users\Asus\AppData\Local\Programs\Python\Python39 (key C:/Users/Asus/AppData/Local/Programs/Python/Python39, mtime 1629244315): 20 files, no impossibilities.
# C:\Program Files\Common Files\Oracle\Java\javapath (key C:/Program Files/Common Files/Oracle/Java/javapath, mtime 1631690219): 6 files, no impossibilities.
# C:\Windows\System32\WindowsPowerShell\v1.0\ (key C 
:/Windows/System32/WindowsPowerShell/v1.0/, mtime 1604448829): 30 files, no impossibilities.
# C:\Windows\System32\Wbem (key C:/Windows/System32/Wbem, mtime 1631897497): 154 files, no impossibilities.
# . (key d:/ITB/SEMESTER 3/IF2110 Algoritma & Struktur Data/Tugas Besar/prog/real/Alstrukdat_Kel08_K03, mtime 1636826171): 9 files, no impossibilities.
# C:\Program Files (x86)\NVIDIA Corporation\PhysX\Common (key C:/Program Files (x86)/NVIDIA Corporation/PhysX/Common, mtime 1604312086): 10 files, no impossibi 
lities.
# C:\Users\Asus\AppData\Local\Programs\Python\Python39\Scripts (key C:/Users/Asus/AppData/Local/Programs/Python/Python39/Scripts, mtime 1636737137): 44 files, no impossibilities.
# C:\ProgramData\chocolatey\bin (key C:/ProgramData/chocolatey/bin, mtime 1612508780): 15 files, no impossibilities.
# D:\Microsoft VS Code\bin (key D:/Microsoft VS Code/bin, mtime 1636695588): 4 files, no impossibilities.
# C:\MinGW\bin (key C:/MinGW/bin, mtime 1636466221): 139 files, no impossibilities.
# C:\Windows\Syste 
m32\OpenSSH\: could not be stat'd.
# C:\Program Files\Java\jdk-17\bin (key C:/Program Files/Java/jdk-17/bin, mtime 1631690214): 123 files, no impossibilities.
# C:\Windows (key C:/Windows, mtime 1636453790): 156 files, no impossibilities.
# C:\Program Files\mingw-w64\x86_64-8.1.0-posix-seh-rt_v6-rev0\mingw64\bin (key C:/Program Files/mingw-w64/x86_64-8.1.0-posix-seh-rt_v6-rev0/mingw64/bin, mtime 1616919982): 58 files, no impossibilities.
# C:\Users\Asus\AppData\Roaming\Python\Python38\Scripts (key C:/Users/Asus/AppData/Roaming/Python/Python38/Scripts, mtime 1604424236): 7 files, no impossibilities.
# C:\Program Files\Git\cmd (key C:/Program Files/Git/cmd, mtime 1627740865): 8 files, no impossibilities.
# C:\Windows\system32 (key C:/Windows/system32, mtime 1636703880): 2943 files, no impossibilities.
# C:\Program Files\NVIDIA Corporation\NVIDIA NvDLISR (key C:/Program Files/NVIDIA Corporation/NVIDIA NvDLISR, mtime 1604312154): 5 files, no impossibilities.
# C:\Program Files (x86)\GnuWin32\bin (key C:/Program F 
iles (x86)/GnuWin32/bin, mtime 1636465077): 5 files, no impossibilities.

# 3736 files, no impossibilities in 19 directories.

# Implicit Rules

# No implicit rules.

# Files

# Not a target:
adt/point/point.c:
#  Implicit rule search has not been done.
#  Modification time never checked.
#  File has not been updated.

# Not a target:
all:
#  Command-line target.
#  Implicit rule search has been done.
#  File does not exist.
#  File has not been updated.
# variable set hash-table stats:
# Load=0/32=0%, Reha 
sh=0, Collisions=0/0=0%

# Not a target:
adt/map/map.c:
#  Implicit rule search has not been done.
#  Modification time never checked.
#  File has not been updated.

# Not a target:
main.c:
#  Implicit rule search has not been done.
#  Modification time never checked.
#  File has not been updated.

# Not a target:
.DEFAULT:
#  Implicit rule search has not been done.
#  Modification time never checked.
#  File has not been updated.

# Not a target:
adt/pcolor/pcolor.c:
#  Implicit rule search has not been done.
#  Modification time never checked.
#  File has not been updated.

# Not a target:
adt/delivery/delivery.c:
#  Implicit rule search has not been done.
#  Modification time never checked.
#  File has not been updated.

# Not a target:
makefile:
#  Implicit rule search has been done.
#  Last modified 2021-11-14 00:56:41
#  File has been updated.
#  Successfully updated.
# variable set hash-table stats:
# Load=0/32=0%, Rehash=0, Collisions=0/0=0%

build: main.c adt/map/map.c adt/load/loadData.c adt/input_p 
rocess/charmachine.c adt/input_process/wordmachine.c adt/pcolor/pcolor.c adt/matrix/matrix.c adt/bangunan/bangunan.c adt/point/point.c adt/adjacencymatrix/adjacencymatrix.c adt/queue_pesanan/queue_pesanan.c adt/todolist/todolist.c adt/linked_list/list_linked.c adt/linked_list/nodeLL.c adt/delivery/delivery.c adt/tas/tas.c
#  Implicit rule search has not been done.
#  Modification time never checked.
#  File has not been updated.
#  commands to execute (from `makefile', line 2):
	gcc -o main main.c adt/map/map.c adt/load/loadData.c adt/input_process/charmachine.c adt/input_process/wordmachine.c adt/pcolor/pcolor.c adt/matrix/matrix.c adt/bangunan/bangunan.c adt/point/point.c adt/adjacencymatrix/adjacencymatrix.c adt/queue_pesanan/queue_pesanan.c adt/todolist/todolist.c adt/linked_list/list_linked.c adt/linked_list/nodeLL.c adt/delivery/delivery.c adt/tas/tas.c -g -Wall 
	

# Not a target:
adt/queue_pesanan/queue_pesanan.c:
#  Implicit rule search has not been done.
#  Modification time never checked.
#  File has not been updated.

# Not a target:
adt/matrix/matrix.c:
#  Implicit rule search has not been done.
#  Modification time never checked.
#  File has not been updated.

# Not a target:
adt/adjacencymatrix/adjacencymatrix.c:
#  Implicit rule search has not been done.
#  Modification time never checked.
#  File has not been updated.

# Not a target:
adt/load/loadData.c:
#  Implicit rule search has not been done.
#  Modification time never checked.
#  File has not been updated.

# Not a target:
adt/input_proce 
ss/charmachine.c:
#  Implicit rule search has not been done.
#  Modification time never checked.
#  File has not been updated.

# Not a target:
.SUFFIXES:
#  Implicit rule search has not been done.
#  Modification time never checked.
#  File has not been updated.

# Not a target:
adt/linked_list/list_linked.c:
#  Implicit rule search has not been done.
#  Modification time never checked.
#  File has not been updated.

# Not a target:
adt/bangunan/bangunan.c:
#  Implicit rule search has not been done.
#  Modification time never checked.
#  File has not been updated.

# Not a target:
adt/todolist/todolist.c:
#  Implicit rule search has not been done.
#  Modification time never checked.
#  File has not been updated.

# Not a target:
adt/input_process/wordmachine.c:
#  Implicit rule search has not been done.
#  Modification time never checked.
#  File has not been updated.

# Not a target:
adt/linked_list/nodeLL.c:
#  Implicit rule search has not been done.
#  Modification time never checked.
#  File has not been 
make.exe: *** No rule to make target `all'.  Stop.
 
 updated.

# Not a target:
adt/tas/tas.c:
#  Implicit rule search has not been done.
#  Modification time never checked.
#  File has not been updated.

# files hash-table stats:
# Load=21/1024=2%, Rehash=0, Collisions=3/48=6%
# VPATH Search Paths

# No `vpath' search paths.

# No general (`VPATH' variable) search path.

# # of strings in strcache: 1
# # of strcache buffers: 1
# strcache size: total = 4096 / max = 4096 / min = 4096 / avg = 4096
# strcache free: total = 4087 / max = 4087 / min = 4087 / avg = 4087

# Finished Make data base on Sun Nov 14 00:56:53 2021

 
